This is main()#0 created single thread[1]...
This is main()#0 created double thread[2]...
This is main()#0 created triple thread[5]...
This is main()#0 created quad thread[15]...
This is main()[0]...
this is thread #1 [0]...
this is thread #1 [1]...
this is thread #1 [2]...
this is thread #1 [3]...
this is thread #1 [4]...
this is thread #1 [5]...
this is thread #1 [6]...
this is thread #1 [7]...
this is thread #1 [8]...
this is thread #1 [9]...
Thread 1 is done...
this is double thread #2, created single thread #3.
this is double thread #2, created single thread #4.
this is triple thread #5, created double thread #6.
this is triple thread #5, created double thread #9.
this is triple thread #5, created double thread #12.
this is double thread #6, created single thread #7.
this is double thread #6, created single thread #8.
this is double thread #9, created single thread #10.
this is double thread #9, created single thread #11.
this is double thread #12, created single thread #13.
this is double thread #12, created single thread #14.
this is 'triple' thread 5 [0]...
this is 'double' thread 6 [0]...
this is 'double' thread 9 [0]...
this is 'double' thread 12 [0]...
this is 'triple' thread 5 [1]...
this is 'double' thread 6 [1]...
this is 'double' thread 9 [1]...
this is 'double' thread 12 [1]...
this is 'triple' thread 5 [2]...
this is 'double' thread 6 [2]...
this is 'double' thread 9 [2]...
this is 'double' thread 12 [2]...
this is 'triple' thread 5 [3]...
this is 'double' thread 6 [3]...
this is 'double' thread 9 [3]...
this is 'double' thread 12 [3]...
this is 'triple' thread 5 [4]...
this is 'double' thread 6 [4]...
this is 'double' thread 9 [4]...
this is 'double' thread 12 [4]...
this is 'triple' thread 5 [5]...
this is 'double' thread 6 [5]...
this is 'double' thread 9 [5]...
this is 'double' thread 12 [5]...
Thread 5 is done...
this is 'double' thread 6 [6]...
this is 'double' thread 9 [6]...
this is 'double' thread 12 [6]...
this is 'double' thread 6 [7]...
this is 'double' thread 9 [7]...
this is 'double' thread 12 [7]...
Thread 6 is done...
Thread 9 is done...
Thread 12 is done...
this is quad thread #15, created single thread #16.
this is quad thread #15, created single thread #17.
this is quad thread #15, created single thread #18.
this is quad thread #15, created single thread #19.
This is main()[1]...
This is main()[2]...
This is main()[3]...
This is main()[4]...
This is main()[5]...
This is main()[6]...
This is main()[7]...
This is main()[8]...
This is main()[9]...
This is main()[10]...
This is main()[11]...
This is main()[12]...
This is main()[13]...
This is main()[14]...
This is main()[15]...
Begin shutdown...
Done with shutdown...
